CRITICAL - 2024-06-21 13:40:52 --> Array to string conversion
in APPPATH\Views\crud\create.php on line 15.
 1 APPPATH\Views\crud\create.php(15): CodeIgniter\Debug\Exceptions->errorHandler(2, 'Array to string conversion', 'APPPATH\\Views\\crud\\create.php', 15)
 2 SYSTEMPATH\View\View.php(213): include('APPPATH\\Views\\crud\\create.php')
 3 SYSTEMPATH\View\View.php(216): CodeIgniter\View\View->CodeIgniter\View\{closure}()
 4 SYSTEMPATH\Common.php(1135): CodeIgniter\View\View->render('crud/create', [], true)
 5 APPPATH\Controllers\Main.php(37): view('crud/create', [...])
 6 SYSTEMPATH\CodeIgniter.php(898): App\Controllers\Main->create()
 7 SYSTEMPATH\CodeIgniter.php(468): CodeIgniter\CodeIgniter->runController(Object(App\Controllers\Main))
 8 SYSTEMPATH\CodeIgniter.php(351): CodeIgniter\CodeIgniter->handleRequest(null, Object(Config\Cache), false)
 9 FCPATH\index.php(55): CodeIgniter\CodeIgniter->run()
10 SYSTEMPATH\Commands\Server\rewrite.php(43): require_once('FCPATH\\index.php')
CRITICAL - 2024-06-21 13:41:35 --> Array to string conversion
in APPPATH\Views\crud\create.php on line 15.
 1 APPPATH\Views\crud\create.php(15): CodeIgniter\Debug\Exceptions->errorHandler(2, 'Array to string conversion', 'APPPATH\\Views\\crud\\create.php', 15)
 2 SYSTEMPATH\View\View.php(213): include('APPPATH\\Views\\crud\\create.php')
 3 SYSTEMPATH\View\View.php(216): CodeIgniter\View\View->CodeIgniter\View\{closure}()
 4 SYSTEMPATH\Common.php(1135): CodeIgniter\View\View->render('crud/create', [], true)
 5 APPPATH\Controllers\Main.php(37): view('crud/create', [...])
 6 SYSTEMPATH\CodeIgniter.php(898): App\Controllers\Main->create()
 7 SYSTEMPATH\CodeIgniter.php(468): CodeIgniter\CodeIgniter->runController(Object(App\Controllers\Main))
 8 SYSTEMPATH\CodeIgniter.php(351): CodeIgniter\CodeIgniter->handleRequest(null, Object(Config\Cache), false)
 9 FCPATH\index.php(55): CodeIgniter\CodeIgniter->run()
10 SYSTEMPATH\Commands\Server\rewrite.php(43): require_once('FCPATH\\index.php')
CRITICAL - 2024-06-21 13:46:58 --> Array to string conversion
in APPPATH\Views\crud\create.php on line 15.
 1 APPPATH\Views\crud\create.php(15): CodeIgniter\Debug\Exceptions->errorHandler(2, 'Array to string conversion', 'APPPATH\\Views\\crud\\create.php', 15)
 2 SYSTEMPATH\View\View.php(213): include('APPPATH\\Views\\crud\\create.php')
 3 SYSTEMPATH\View\View.php(216): CodeIgniter\View\View->CodeIgniter\View\{closure}()
 4 SYSTEMPATH\Common.php(1135): CodeIgniter\View\View->render('crud/create', [], true)
 5 APPPATH\Controllers\Main.php(37): view('crud/create', [...])
 6 SYSTEMPATH\CodeIgniter.php(898): App\Controllers\Main->create()
 7 SYSTEMPATH\CodeIgniter.php(468): CodeIgniter\CodeIgniter->runController(Object(App\Controllers\Main))
 8 SYSTEMPATH\CodeIgniter.php(351): CodeIgniter\CodeIgniter->handleRequest(null, Object(Config\Cache), false)
 9 FCPATH\index.php(55): CodeIgniter\CodeIgniter->run()
10 SYSTEMPATH\Commands\Server\rewrite.php(43): require_once('FCPATH\\index.php')
CRITICAL - 2024-06-21 13:47:26 --> Array to string conversion
in APPPATH\Views\crud\create.php on line 15.
 1 APPPATH\Views\crud\create.php(15): CodeIgniter\Debug\Exceptions->errorHandler(2, 'Array to string conversion', 'APPPATH\\Views\\crud\\create.php', 15)
 2 SYSTEMPATH\View\View.php(213): include('APPPATH\\Views\\crud\\create.php')
 3 SYSTEMPATH\View\View.php(216): CodeIgniter\View\View->CodeIgniter\View\{closure}()
 4 SYSTEMPATH\Common.php(1135): CodeIgniter\View\View->render('crud/create', [], true)
 5 APPPATH\Controllers\Main.php(37): view('crud/create', [...])
 6 SYSTEMPATH\CodeIgniter.php(898): App\Controllers\Main->create()
 7 SYSTEMPATH\CodeIgniter.php(468): CodeIgniter\CodeIgniter->runController(Object(App\Controllers\Main))
 8 SYSTEMPATH\CodeIgniter.php(351): CodeIgniter\CodeIgniter->handleRequest(null, Object(Config\Cache), false)
 9 FCPATH\index.php(55): CodeIgniter\CodeIgniter->run()
10 SYSTEMPATH\Commands\Server\rewrite.php(43): require_once('FCPATH\\index.php')
CRITICAL - 2024-06-21 13:55:26 --> Array to string conversion
in APPPATH\Views\crud\create.php on line 15.
 1 APPPATH\Views\crud\create.php(15): CodeIgniter\Debug\Exceptions->errorHandler(2, 'Array to string conversion', 'APPPATH\\Views\\crud\\create.php', 15)
 2 SYSTEMPATH\View\View.php(213): include('APPPATH\\Views\\crud\\create.php')
 3 SYSTEMPATH\View\View.php(216): CodeIgniter\View\View->CodeIgniter\View\{closure}()
 4 SYSTEMPATH\Common.php(1135): CodeIgniter\View\View->render('crud/create', [], true)
 5 APPPATH\Controllers\Main.php(37): view('crud/create', [...])
 6 SYSTEMPATH\CodeIgniter.php(898): App\Controllers\Main->create()
 7 SYSTEMPATH\CodeIgniter.php(468): CodeIgniter\CodeIgniter->runController(Object(App\Controllers\Main))
 8 SYSTEMPATH\CodeIgniter.php(351): CodeIgniter\CodeIgniter->handleRequest(null, Object(Config\Cache), false)
 9 FCPATH\index.php(55): CodeIgniter\CodeIgniter->run()
10 SYSTEMPATH\Commands\Server\rewrite.php(43): require_once('FCPATH\\index.php')
CRITICAL - 2024-06-21 14:13:02 --> Call to undefined function set_value()
in APPPATH\Views\crud\create.php on line 20.
 1 SYSTEMPATH\View\View.php(213): include()
 2 SYSTEMPATH\View\View.php(216): CodeIgniter\View\View->CodeIgniter\View\{closure}()
 3 SYSTEMPATH\Common.php(1135): CodeIgniter\View\View->render('crud/create', [], true)
 4 APPPATH\Controllers\Main.php(39): view('crud/create', [...])
 5 SYSTEMPATH\CodeIgniter.php(898): App\Controllers\Main->create()
 6 SYSTEMPATH\CodeIgniter.php(468): CodeIgniter\CodeIgniter->runController(Object(App\Controllers\Main))
 7 SYSTEMPATH\CodeIgniter.php(351): CodeIgniter\CodeIgniter->handleRequest(null, Object(Config\Cache), false)
 8 FCPATH\index.php(55): CodeIgniter\CodeIgniter->run()
 9 SYSTEMPATH\Commands\Server\rewrite.php(43): require_once('FCPATH\\index.php')
CRITICAL - 2024-06-21 14:13:04 --> Call to undefined function set_value()
in APPPATH\Views\crud\create.php on line 20.
 1 SYSTEMPATH\View\View.php(213): include()
 2 SYSTEMPATH\View\View.php(216): CodeIgniter\View\View->CodeIgniter\View\{closure}()
 3 SYSTEMPATH\Common.php(1135): CodeIgniter\View\View->render('crud/create', [], true)
 4 APPPATH\Controllers\Main.php(39): view('crud/create', [...])
 5 SYSTEMPATH\CodeIgniter.php(898): App\Controllers\Main->create()
 6 SYSTEMPATH\CodeIgniter.php(468): CodeIgniter\CodeIgniter->runController(Object(App\Controllers\Main))
 7 SYSTEMPATH\CodeIgniter.php(351): CodeIgniter\CodeIgniter->handleRequest(null, Object(Config\Cache), false)
 8 FCPATH\index.php(55): CodeIgniter\CodeIgniter->run()
 9 SYSTEMPATH\Commands\Server\rewrite.php(43): require_once('FCPATH\\index.php')
CRITICAL - 2024-06-21 14:15:19 --> Call to undefined function set_value()
in APPPATH\Views\crud\create.php on line 20.
 1 SYSTEMPATH\View\View.php(213): include()
 2 SYSTEMPATH\View\View.php(216): CodeIgniter\View\View->CodeIgniter\View\{closure}()
 3 SYSTEMPATH\Common.php(1135): CodeIgniter\View\View->render('crud/create', [], true)
 4 APPPATH\Controllers\Main.php(39): view('crud/create', [...])
 5 SYSTEMPATH\CodeIgniter.php(898): App\Controllers\Main->create()
 6 SYSTEMPATH\CodeIgniter.php(468): CodeIgniter\CodeIgniter->runController(Object(App\Controllers\Main))
 7 SYSTEMPATH\CodeIgniter.php(351): CodeIgniter\CodeIgniter->handleRequest(null, Object(Config\Cache), false)
 8 FCPATH\index.php(55): CodeIgniter\CodeIgniter->run()
 9 SYSTEMPATH\Commands\Server\rewrite.php(43): require_once('FCPATH\\index.php')
CRITICAL - 2024-06-21 14:15:20 --> Call to undefined function set_value()
in APPPATH\Views\crud\create.php on line 20.
 1 SYSTEMPATH\View\View.php(213): include()
 2 SYSTEMPATH\View\View.php(216): CodeIgniter\View\View->CodeIgniter\View\{closure}()
 3 SYSTEMPATH\Common.php(1135): CodeIgniter\View\View->render('crud/create', [], true)
 4 APPPATH\Controllers\Main.php(39): view('crud/create', [...])
 5 SYSTEMPATH\CodeIgniter.php(898): App\Controllers\Main->create()
 6 SYSTEMPATH\CodeIgniter.php(468): CodeIgniter\CodeIgniter->runController(Object(App\Controllers\Main))
 7 SYSTEMPATH\CodeIgniter.php(351): CodeIgniter\CodeIgniter->handleRequest(null, Object(Config\Cache), false)
 8 FCPATH\index.php(55): CodeIgniter\CodeIgniter->run()
 9 SYSTEMPATH\Commands\Server\rewrite.php(43): require_once('FCPATH\\index.php')
CRITICAL - 2024-06-21 14:18:49 --> Array to string conversion
in APPPATH\Views\crud\create.php on line 15.
 1 APPPATH\Views\crud\create.php(15): CodeIgniter\Debug\Exceptions->errorHandler(2, 'Array to string conversion', 'APPPATH\\Views\\crud\\create.php', 15)
 2 SYSTEMPATH\View\View.php(213): include('APPPATH\\Views\\crud\\create.php')
 3 SYSTEMPATH\View\View.php(216): CodeIgniter\View\View->CodeIgniter\View\{closure}()
 4 SYSTEMPATH\Common.php(1135): CodeIgniter\View\View->render('crud/create', [], true)
 5 APPPATH\Controllers\Main.php(37): view('crud/create', [...])
 6 SYSTEMPATH\CodeIgniter.php(898): App\Controllers\Main->create()
 7 SYSTEMPATH\CodeIgniter.php(468): CodeIgniter\CodeIgniter->runController(Object(App\Controllers\Main))
 8 SYSTEMPATH\CodeIgniter.php(351): CodeIgniter\CodeIgniter->handleRequest(null, Object(Config\Cache), false)
 9 FCPATH\index.php(55): CodeIgniter\CodeIgniter->run()
10 SYSTEMPATH\Commands\Server\rewrite.php(43): require_once('FCPATH\\index.php')
CRITICAL - 2024-06-21 14:21:42 --> Array to string conversion
in APPPATH\Views\crud\create.php on line 15.
 1 APPPATH\Views\crud\create.php(15): CodeIgniter\Debug\Exceptions->errorHandler(2, 'Array to string conversion', 'APPPATH\\Views\\crud\\create.php', 15)
 2 SYSTEMPATH\View\View.php(213): include('APPPATH\\Views\\crud\\create.php')
 3 SYSTEMPATH\View\View.php(216): CodeIgniter\View\View->CodeIgniter\View\{closure}()
 4 SYSTEMPATH\Common.php(1135): CodeIgniter\View\View->render('crud/create', [], true)
 5 APPPATH\Controllers\Main.php(37): view('crud/create', [...])
 6 SYSTEMPATH\CodeIgniter.php(898): App\Controllers\Main->create()
 7 SYSTEMPATH\CodeIgniter.php(468): CodeIgniter\CodeIgniter->runController(Object(App\Controllers\Main))
 8 SYSTEMPATH\CodeIgniter.php(351): CodeIgniter\CodeIgniter->handleRequest(null, Object(Config\Cache), false)
 9 FCPATH\index.php(55): CodeIgniter\CodeIgniter->run()
10 SYSTEMPATH\Commands\Server\rewrite.php(43): require_once('FCPATH\\index.php')
CRITICAL - 2024-06-21 14:35:00 --> Array to string conversion
in APPPATH\Views\crud\create.php on line 15.
 1 APPPATH\Views\crud\create.php(15): CodeIgniter\Debug\Exceptions->errorHandler(2, 'Array to string conversion', 'APPPATH\\Views\\crud\\create.php', 15)
 2 SYSTEMPATH\View\View.php(213): include('APPPATH\\Views\\crud\\create.php')
 3 SYSTEMPATH\View\View.php(216): CodeIgniter\View\View->CodeIgniter\View\{closure}()
 4 SYSTEMPATH\Common.php(1135): CodeIgniter\View\View->render('crud/create', [], true)
 5 APPPATH\Controllers\Main.php(37): view('crud/create', [...])
 6 SYSTEMPATH\CodeIgniter.php(898): App\Controllers\Main->create()
 7 SYSTEMPATH\CodeIgniter.php(468): CodeIgniter\CodeIgniter->runController(Object(App\Controllers\Main))
 8 SYSTEMPATH\CodeIgniter.php(351): CodeIgniter\CodeIgniter->handleRequest(null, Object(Config\Cache), false)
 9 FCPATH\index.php(55): CodeIgniter\CodeIgniter->run()
10 SYSTEMPATH\Commands\Server\rewrite.php(43): require_once('FCPATH\\index.php')
CRITICAL - 2024-06-21 14:41:24 --> Array to string conversion
in APPPATH\Views\crud\create.php on line 15.
 1 APPPATH\Views\crud\create.php(15): CodeIgniter\Debug\Exceptions->errorHandler(2, 'Array to string conversion', 'APPPATH\\Views\\crud\\create.php', 15)
 2 SYSTEMPATH\View\View.php(213): include('APPPATH\\Views\\crud\\create.php')
 3 SYSTEMPATH\View\View.php(216): CodeIgniter\View\View->CodeIgniter\View\{closure}()
 4 SYSTEMPATH\Common.php(1135): CodeIgniter\View\View->render('crud/create', [], true)
 5 APPPATH\Controllers\Main.php(39): view('crud/create', [...])
 6 SYSTEMPATH\CodeIgniter.php(898): App\Controllers\Main->create()
 7 SYSTEMPATH\CodeIgniter.php(468): CodeIgniter\CodeIgniter->runController(Object(App\Controllers\Main))
 8 SYSTEMPATH\CodeIgniter.php(351): CodeIgniter\CodeIgniter->handleRequest(null, Object(Config\Cache), false)
 9 FCPATH\index.php(55): CodeIgniter\CodeIgniter->run()
10 SYSTEMPATH\Commands\Server\rewrite.php(43): require_once('FCPATH\\index.php')
CRITICAL - 2024-06-21 14:44:00 --> Array to string conversion
in APPPATH\Views\crud\create.php on line 15.
 1 APPPATH\Views\crud\create.php(15): CodeIgniter\Debug\Exceptions->errorHandler(2, 'Array to string conversion', 'APPPATH\\Views\\crud\\create.php', 15)
 2 SYSTEMPATH\View\View.php(213): include('APPPATH\\Views\\crud\\create.php')
 3 SYSTEMPATH\View\View.php(216): CodeIgniter\View\View->CodeIgniter\View\{closure}()
 4 SYSTEMPATH\Common.php(1135): CodeIgniter\View\View->render('crud/create', [], true)
 5 APPPATH\Controllers\Main.php(39): view('crud/create', [...])
 6 SYSTEMPATH\CodeIgniter.php(898): App\Controllers\Main->create()
 7 SYSTEMPATH\CodeIgniter.php(468): CodeIgniter\CodeIgniter->runController(Object(App\Controllers\Main))
 8 SYSTEMPATH\CodeIgniter.php(351): CodeIgniter\CodeIgniter->handleRequest(null, Object(Config\Cache), false)
 9 FCPATH\index.php(55): CodeIgniter\CodeIgniter->run()
10 SYSTEMPATH\Commands\Server\rewrite.php(43): require_once('FCPATH\\index.php')
CRITICAL - 2024-06-21 14:44:16 --> Array to string conversion
in APPPATH\Views\crud\create.php on line 15.
 1 APPPATH\Views\crud\create.php(15): CodeIgniter\Debug\Exceptions->errorHandler(2, 'Array to string conversion', 'APPPATH\\Views\\crud\\create.php', 15)
 2 SYSTEMPATH\View\View.php(213): include('APPPATH\\Views\\crud\\create.php')
 3 SYSTEMPATH\View\View.php(216): CodeIgniter\View\View->CodeIgniter\View\{closure}()
 4 SYSTEMPATH\Common.php(1135): CodeIgniter\View\View->render('crud/create', [], true)
 5 APPPATH\Controllers\Main.php(39): view('crud/create', [...])
 6 SYSTEMPATH\CodeIgniter.php(898): App\Controllers\Main->create()
 7 SYSTEMPATH\CodeIgniter.php(468): CodeIgniter\CodeIgniter->runController(Object(App\Controllers\Main))
 8 SYSTEMPATH\CodeIgniter.php(351): CodeIgniter\CodeIgniter->handleRequest(null, Object(Config\Cache), false)
 9 FCPATH\index.php(55): CodeIgniter\CodeIgniter->run()
10 SYSTEMPATH\Commands\Server\rewrite.php(43): require_once('FCPATH\\index.php')
CRITICAL - 2024-06-21 14:44:41 --> Array to string conversion
in APPPATH\Views\crud\create.php on line 15.
 1 APPPATH\Views\crud\create.php(15): CodeIgniter\Debug\Exceptions->errorHandler(2, 'Array to string conversion', 'APPPATH\\Views\\crud\\create.php', 15)
 2 SYSTEMPATH\View\View.php(213): include('APPPATH\\Views\\crud\\create.php')
 3 SYSTEMPATH\View\View.php(216): CodeIgniter\View\View->CodeIgniter\View\{closure}()
 4 SYSTEMPATH\Common.php(1135): CodeIgniter\View\View->render('crud/create', [], true)
 5 APPPATH\Controllers\Main.php(37): view('crud/create', [...])
 6 SYSTEMPATH\CodeIgniter.php(898): App\Controllers\Main->create()
 7 SYSTEMPATH\CodeIgniter.php(468): CodeIgniter\CodeIgniter->runController(Object(App\Controllers\Main))
 8 SYSTEMPATH\CodeIgniter.php(351): CodeIgniter\CodeIgniter->handleRequest(null, Object(Config\Cache), false)
 9 FCPATH\index.php(55): CodeIgniter\CodeIgniter->run()
10 SYSTEMPATH\Commands\Server\rewrite.php(43): require_once('FCPATH\\index.php')
CRITICAL - 2024-06-21 14:44:53 --> Array to string conversion
in APPPATH\Views\crud\create.php on line 15.
 1 APPPATH\Views\crud\create.php(15): CodeIgniter\Debug\Exceptions->errorHandler(2, 'Array to string conversion', 'APPPATH\\Views\\crud\\create.php', 15)
 2 SYSTEMPATH\View\View.php(213): include('APPPATH\\Views\\crud\\create.php')
 3 SYSTEMPATH\View\View.php(216): CodeIgniter\View\View->CodeIgniter\View\{closure}()
 4 SYSTEMPATH\Common.php(1135): CodeIgniter\View\View->render('crud/create', [], true)
 5 APPPATH\Controllers\Main.php(37): view('crud/create', [...])
 6 SYSTEMPATH\CodeIgniter.php(898): App\Controllers\Main->create()
 7 SYSTEMPATH\CodeIgniter.php(468): CodeIgniter\CodeIgniter->runController(Object(App\Controllers\Main))
 8 SYSTEMPATH\CodeIgniter.php(351): CodeIgniter\CodeIgniter->handleRequest(null, Object(Config\Cache), false)
 9 FCPATH\index.php(55): CodeIgniter\CodeIgniter->run()
10 SYSTEMPATH\Commands\Server\rewrite.php(43): require_once('FCPATH\\index.php')
CRITICAL - 2024-06-21 14:47:03 --> Array to string conversion
in APPPATH\Views\crud\create.php on line 15.
 1 APPPATH\Views\crud\create.php(15): CodeIgniter\Debug\Exceptions->errorHandler(2, 'Array to string conversion', 'APPPATH\\Views\\crud\\create.php', 15)
 2 SYSTEMPATH\View\View.php(213): include('APPPATH\\Views\\crud\\create.php')
 3 SYSTEMPATH\View\View.php(216): CodeIgniter\View\View->CodeIgniter\View\{closure}()
 4 SYSTEMPATH\Common.php(1135): CodeIgniter\View\View->render('crud/create', [], true)
 5 APPPATH\Controllers\Main.php(37): view('crud/create', [...])
 6 SYSTEMPATH\CodeIgniter.php(898): App\Controllers\Main->create()
 7 SYSTEMPATH\CodeIgniter.php(468): CodeIgniter\CodeIgniter->runController(Object(App\Controllers\Main))
 8 SYSTEMPATH\CodeIgniter.php(351): CodeIgniter\CodeIgniter->handleRequest(null, Object(Config\Cache), false)
 9 FCPATH\index.php(55): CodeIgniter\CodeIgniter->run()
10 SYSTEMPATH\Commands\Server\rewrite.php(43): require_once('FCPATH\\index.php')
CRITICAL - 2024-06-21 14:48:25 --> Array to string conversion
in APPPATH\Views\crud\create.php on line 15.
 1 APPPATH\Views\crud\create.php(15): CodeIgniter\Debug\Exceptions->errorHandler(2, 'Array to string conversion', 'APPPATH\\Views\\crud\\create.php', 15)
 2 SYSTEMPATH\View\View.php(213): include('APPPATH\\Views\\crud\\create.php')
 3 SYSTEMPATH\View\View.php(216): CodeIgniter\View\View->CodeIgniter\View\{closure}()
 4 SYSTEMPATH\Common.php(1135): CodeIgniter\View\View->render('crud/create', [], true)
 5 APPPATH\Controllers\Main.php(37): view('crud/create', [...])
 6 SYSTEMPATH\CodeIgniter.php(898): App\Controllers\Main->create()
 7 SYSTEMPATH\CodeIgniter.php(468): CodeIgniter\CodeIgniter->runController(Object(App\Controllers\Main))
 8 SYSTEMPATH\CodeIgniter.php(351): CodeIgniter\CodeIgniter->handleRequest(null, Object(Config\Cache), false)
 9 FCPATH\index.php(55): CodeIgniter\CodeIgniter->run()
10 SYSTEMPATH\Commands\Server\rewrite.php(43): require_once('FCPATH\\index.php')
CRITICAL - 2024-06-21 14:54:35 --> Array to string conversion
in APPPATH\Views\crud\create.php on line 15.
 1 APPPATH\Views\crud\create.php(15): CodeIgniter\Debug\Exceptions->errorHandler(2, 'Array to string conversion', 'APPPATH\\Views\\crud\\create.php', 15)
 2 SYSTEMPATH\View\View.php(213): include('APPPATH\\Views\\crud\\create.php')
 3 SYSTEMPATH\View\View.php(216): CodeIgniter\View\View->CodeIgniter\View\{closure}()
 4 SYSTEMPATH\Common.php(1135): CodeIgniter\View\View->render('crud/create', [], true)
 5 APPPATH\Controllers\Main.php(37): view('crud/create', [...])
 6 SYSTEMPATH\CodeIgniter.php(898): App\Controllers\Main->create()
 7 SYSTEMPATH\CodeIgniter.php(468): CodeIgniter\CodeIgniter->runController(Object(App\Controllers\Main))
 8 SYSTEMPATH\CodeIgniter.php(351): CodeIgniter\CodeIgniter->handleRequest(null, Object(Config\Cache), false)
 9 FCPATH\index.php(55): CodeIgniter\CodeIgniter->run()
10 SYSTEMPATH\Commands\Server\rewrite.php(43): require_once('FCPATH\\index.php')
CRITICAL - 2024-06-21 14:58:34 --> Array to string conversion
in APPPATH\Views\crud\create.php on line 15.
 1 APPPATH\Views\crud\create.php(15): CodeIgniter\Debug\Exceptions->errorHandler(2, 'Array to string conversion', 'APPPATH\\Views\\crud\\create.php', 15)
 2 SYSTEMPATH\View\View.php(213): include('APPPATH\\Views\\crud\\create.php')
 3 SYSTEMPATH\View\View.php(216): CodeIgniter\View\View->CodeIgniter\View\{closure}()
 4 SYSTEMPATH\Common.php(1135): CodeIgniter\View\View->render('crud/create', [], true)
 5 APPPATH\Controllers\Main.php(37): view('crud/create', [...])
 6 SYSTEMPATH\CodeIgniter.php(898): App\Controllers\Main->create()
 7 SYSTEMPATH\CodeIgniter.php(468): CodeIgniter\CodeIgniter->runController(Object(App\Controllers\Main))
 8 SYSTEMPATH\CodeIgniter.php(351): CodeIgniter\CodeIgniter->handleRequest(null, Object(Config\Cache), false)
 9 FCPATH\index.php(55): CodeIgniter\CodeIgniter->run()
10 SYSTEMPATH\Commands\Server\rewrite.php(43): require_once('FCPATH\\index.php')
